events.js:141
      throw er; // Unhandled 'error' event
      ^

Error: listen EADDRINUSE :::8081
    at Object.exports._errnoException (util.js:907:11)
    at exports._exceptionWithHostPort (util.js:930:20)
    at Server._listen2 (net.js:1250:14)
    at listen (net.js:1286:10)
    at Server.listen (net.js:1382:5)
    at EventEmitter.listen (/home/ubuntu/node_modules/express/lib/application.js:617:24)
    at Object.<anonymous> (/home/ubuntu/HopHacks/app.js:82:18)
    at Module._compile (module.js:409:26)
    at Object.Module._extensions..js (module.js:416:10)
    at Module.load (module.js:343:32)
Example app listening at http://:::8081
[]
Example app listening at http://:::8081
[]
Example app listening at http://:::8081
[]
Example app listening at http://:::8081
[]
Example app listening at http://:::8081
[]
/home/ubuntu/HopHacks/app.js:91
}
^

SyntaxError: missing ) after argument list
    at exports.runInThisContext (vm.js:53:16)
    at Module._compile (module.js:373:25)
    at Object.Module._extensions..js (module.js:416:10)
    at Module.load (module.js:343:32)
    at Function.Module._load (module.js:300:12)
    at Function.Module.runMain (module.js:441:10)
    at startup (node.js:139:18)
    at node.js:974:3
/home/ubuntu/HopHacks/app.js:91
}
^

SyntaxError: missing ) after argument list
    at exports.runInThisContext (vm.js:53:16)
    at Module._compile (module.js:373:25)
    at Object.Module._extensions..js (module.js:416:10)
    at Module.load (module.js:343:32)
    at Function.Module._load (module.js:300:12)
    at Function.Module.runMain (module.js:441:10)
    at startup (node.js:139:18)
    at node.js:974:3
Example app listening at http://:::8081
[]
Example app listening at http://:::8081
[]
